/home/axat/myenv/lib/python3.11/site-packages/pyspark/python/lib/pyspark.zip/pyspark/sql/pandas/conversion.py:485: FutureWarning: is_datetime64tz_dtype is deprecated and will be removed in a future version. Check `isinstance(dtype, pd.DatetimeTZDtype)` instead.
  if should_localize and is_datetime64tz_dtype(s.dtype) and s.dt.tz is not None:
Traceback (most recent call last):
  File "/home/axat/personal/pySpark/spark_to_pandas.py", line 31, in <module>
    spark_df2.show()
  File "/home/axat/myenv/lib/python3.11/site-packages/pyspark/python/lib/pyspark.zip/pyspark/sql/dataframe.py", line 959, in show
  File "/home/axat/myenv/lib/python3.11/site-packages/pyspark/python/lib/py4j-0.10.9.7-src.zip/py4j/java_gateway.py", line 1322, in __call__
  File "/home/axat/myenv/lib/python3.11/site-packages/pyspark/python/lib/pyspark.zip/pyspark/errors/exceptions/captured.py", line 179, in deco
  File "/home/axat/myenv/lib/python3.11/site-packages/pyspark/python/lib/py4j-0.10.9.7-src.zip/py4j/protocol.py", line 326, in get_return_value
py4j.protocol.Py4JJavaError: An error occurred while calling o97.showString.
: java.lang.IllegalStateException: SparkContext has been shutdown
	at org.apache.spark.SparkContext.runJob(SparkContext.scala:2390)
	at org.apache.spark.SparkContext.runJob(SparkContext.scala:2419)
	at org.apache.spark.SparkContext.runJob(SparkContext.scala:2438)
	at org.apache.spark.sql.execution.SparkPlan.executeTake(SparkPlan.scala:530)
	at org.apache.spark.sql.execution.SparkPlan.executeTake(SparkPlan.scala:483)
	at org.apache.spark.sql.execution.CollectLimitExec.executeCollect(limit.scala:61)
	at org.apache.spark.sql.Dataset.collectFromPlan(Dataset.scala:4344)
	at org.apache.spark.sql.Dataset.$anonfun$head$1(Dataset.scala:3326)
	at org.apache.spark.sql.Dataset.$anonfun$withAction$2(Dataset.scala:4334)
	at org.apache.spark.sql.execution.QueryExecution$.withInternalError(QueryExecution.scala:546)
	at org.apache.spark.sql.Dataset.$anonfun$withAction$1(Dataset.scala:4332)
	at org.apache.spark.sql.execution.SQLExecution$.$anonfun$withNewExecutionId$6(SQLExecution.scala:125)
	at org.apache.spark.sql.execution.SQLExecution$.withSQLConfPropagated(SQLExecution.scala:201)
	at org.apache.spark.sql.execution.SQLExecution$.$anonfun$withNewExecutionId$1(SQLExecution.scala:108)
	at org.apache.spark.sql.SparkSession.withActive(SparkSession.scala:900)
	at org.apache.spark.sql.execution.SQLExecution$.withNewExecutionId(SQLExecution.scala:66)
	at org.apache.spark.sql.Dataset.withAction(Dataset.scala:4332)
	at org.apache.spark.sql.Dataset.head(Dataset.scala:3326)
	at org.apache.spark.sql.Dataset.take(Dataset.scala:3549)
	at org.apache.spark.sql.Dataset.getRows(Dataset.scala:280)
	at org.apache.spark.sql.Dataset.showString(Dataset.scala:315)
	at java.base/jdk.internal.reflect.NativeMethodAccessorImpl.invoke0(Native Method)
	at java.base/jdk.internal.reflect.NativeMethodAccessorImpl.invoke(Unknown Source)
	at java.base/jdk.internal.reflect.DelegatingMethodAccessorImpl.invoke(Unknown Source)
	at java.base/java.lang.reflect.Method.invoke(Unknown Source)
	at py4j.reflection.MethodInvoker.invoke(MethodInvoker.java:244)
	at py4j.reflection.ReflectionEngine.invoke(ReflectionEngine.java:374)
	at py4j.Gateway.invoke(Gateway.java:282)
	at py4j.commands.AbstractCommand.invokeMethod(AbstractCommand.java:132)
	at py4j.commands.CallCommand.execute(CallCommand.java:79)
	at py4j.ClientServerConnection.waitForCommands(ClientServerConnection.java:182)
	at py4j.ClientServerConnection.run(ClientServerConnection.java:106)
	at java.base/java.lang.Thread.run(Unknown Source)

